This file contains any messages produced by compilers while
running configure, to aid debugging if configure makes a mistake.

It was created by gtkplot configure 0.1, which was
generated by GNU Autoconf 2.68.  Invocation command line was

  $ /home/badman/Programowanie/gtkplot/configure --enable-maintainer-mode --no-create --no-recursion

## --------- ##
## Platform. ##
## --------- ##

hostname = localhost.localdomain
uname -m = x86_64
uname -r = 3.6.7-4.fc16.x86_64
uname -s = Linux
uname -v = #1 SMP Tue Nov 20 20:33:31 UTC 2012

/usr/bin/uname -p = unknown
/bin/uname -X     = unknown

/bin/arch              = x86_64
/usr/bin/arch -k       = unknown
/usr/convex/getsysinfo = unknown
/usr/bin/hostinfo      = unknown
/bin/machine           = unknown
/usr/bin/oslevel       = unknown
/bin/universe          = unknown

PATH: /usr/lib64/qt-3.3/bin
PATH: /usr/local/bin
PATH: /usr/bin
PATH: /bin
PATH: /usr/local/sbin
PATH: /usr/sbin
PATH: /sbin
PATH: /home/badman/.local/bin
PATH: /home/badman/bin


## ----------- ##
## Core tests. ##
## ----------- ##

configure:2166: checking for a BSD-compatible install
configure:2234: result: /usr/bin/install -c
configure:2245: checking whether build environment is sane
configure:2295: result: yes
configure:2436: checking for a thread-safe mkdir -p
configure:2475: result: /bin/mkdir -p
configure:2488: checking for gawk
configure:2504: found /usr/bin/gawk
configure:2515: result: gawk
configure:2526: checking whether make sets $(MAKE)
configure:2548: result: yes
configure:2640: checking whether make supports nested variables
configure:2657: result: yes
configure:2717: checking for gcc
configure:2733: found /usr/bin/gcc
configure:2744: result: gcc
configure:2973: checking for C compiler version
configure:2982: gcc --version >&5
gcc (GCC) 4.6.3 20120306 (Red Hat 4.6.3-2)
Copyright (C) 2011 Free Software Foundation, Inc.
This is free software; see the source for copying conditions.  There is NO
warranty; not even for MERCHANTABILITY or FITNESS FOR A PARTICULAR PURPOSE.

configure:2993: $? = 0
configure:2982: gcc -v >&5
Using built-in specs.
COLLECT_GCC=gcc
COLLECT_LTO_WRAPPER=/usr/libexec/gcc/x86_64-redhat-linux/4.6.3/lto-wrapper
Target: x86_64-redhat-linux
Configured with: ../configure --prefix=/usr --mandir=/usr/share/man --infodir=/usr/share/info --with-bugurl=http://bugzilla.redhat.com/bugzilla --enable-bootstrap --enable-shared --enable-threads=posix --enable-checking=release --with-system-zlib --enable-__cxa_atexit --disable-libunwind-exceptions --enable-gnu-unique-object --enable-linker-build-id --enable-languages=c,c++,objc,obj-c++,java,fortran,ada,go,lto --enable-plugin --enable-java-awt=gtk --disable-dssi --with-java-home=/usr/lib/jvm/java-1.5.0-gcj-1.5.0.0/jre --enable-libgcj-multifile --enable-java-maintainer-mode --with-ecj-jar=/usr/share/java/eclipse-ecj.jar --disable-libjava-multilib --with-ppl --with-cloog --with-tune=generic --with-arch_32=i686 --build=x86_64-redhat-linux
Thread model: posix
gcc version 4.6.3 20120306 (Red Hat 4.6.3-2) (GCC) 
configure:2993: $? = 0
configure:2982: gcc -V >&5
gcc: error: unrecognized option '-V'
gcc: fatal error: no input files
compilation terminated.
configure:2993: $? = 4
configure:2982: gcc -qversion >&5
gcc: error: unrecognized option '-qversion'
gcc: fatal error: no input files
compilation terminated.
configure:2993: $? = 4
configure:3013: checking whether the C compiler works
configure:3035: gcc    conftest.c  >&5
configure:3039: $? = 0
configure:3087: result: yes
configure:3090: checking for C compiler default output file name
configure:3092: result: a.out
configure:3098: checking for suffix of executables
configure:3105: gcc -o conftest    conftest.c  >&5
configure:3109: $? = 0
configure:3131: result: 
configure:3153: checking whether we are cross compiling
configure:3161: gcc -o conftest    conftest.c  >&5
configure:3165: $? = 0
configure:3172: ./conftest
configure:3176: $? = 0
configure:3191: result: no
configure:3196: checking for suffix of object files
configure:3218: gcc -c   conftest.c >&5
configure:3222: $? = 0
configure:3243: result: o
configure:3247: checking whether we are using the GNU C compiler
configure:3266: gcc -c   conftest.c >&5
configure:3266: $? = 0
configure:3275: result: yes
configure:3284: checking whether gcc accepts -g
configure:3304: gcc -c -g  conftest.c >&5
configure:3304: $? = 0
configure:3345: result: yes
configure:3362: checking for gcc option to accept ISO C89
configure:3426: gcc  -c -g -O2  conftest.c >&5
configure:3426: $? = 0
configure:3439: result: none needed
configure:3470: checking for style of include used by make
configure:3498: result: GNU
configure:3524: checking dependency style of gcc
configure:3635: result: gcc3
configure:3685: checking build system type
configure:3699: result: x86_64-unknown-linux-gnu
configure:3719: checking host system type
configure:3732: result: x86_64-unknown-linux-gnu
configure:3773: checking how to print strings
configure:3800: result: printf
configure:3821: checking for a sed that does not truncate output
configure:3885: result: /bin/sed
configure:3903: checking for grep that handles long lines and -e
configure:3961: result: /bin/grep
configure:3966: checking for egrep
configure:4028: result: /bin/grep -E
configure:4033: checking for fgrep
configure:4095: result: /bin/grep -F
configure:4130: checking for ld used by gcc
configure:4197: result: /usr/bin/ld
configure:4204: checking if the linker (/usr/bin/ld) is GNU ld
configure:4219: result: yes
configure:4231: checking for BSD- or MS-compatible name lister (nm)
configure:4280: result: /usr/bin/nm -B
configure:4410: checking the name lister (/usr/bin/nm -B) interface
configure:4417: gcc -c -g -O2  conftest.c >&5
configure:4420: /usr/bin/nm -B "conftest.o"
configure:4423: output
0000000000000000 B some_variable
configure:4430: result: BSD nm
configure:4433: checking whether ln -s works
configure:4437: result: yes
configure:4445: checking the maximum length of command line arguments
configure:4570: result: 1572864
configure:4587: checking whether the shell understands some XSI constructs
configure:4597: result: yes
configure:4601: checking whether the shell understands "+="
configure:4607: result: yes
configure:4642: checking how to convert x86_64-unknown-linux-gnu file names to x86_64-unknown-linux-gnu format
configure:4682: result: func_convert_file_noop
configure:4689: checking how to convert x86_64-unknown-linux-gnu file names to toolchain format
configure:4709: result: func_convert_file_noop
configure:4716: checking for /usr/bin/ld option to reload object files
configure:4723: result: -r
configure:4797: checking for objdump
configure:4813: found /usr/bin/objdump
configure:4824: result: objdump
configure:4856: checking how to recognize dependent libraries
configure:5058: result: pass_all
configure:5143: checking for dlltool
configure:5173: result: no
configure:5203: checking how to associate runtime and link libraries
configure:5230: result: printf %s\n
configure:5291: checking for ar
configure:5307: found /usr/bin/ar
configure:5318: result: ar
configure:5355: checking for archiver @FILE support
configure:5372: gcc -c -g -O2  conftest.c >&5
configure:5372: $? = 0
configure:5375: ar cru libconftest.a @conftest.lst >&5
configure:5378: $? = 0
configure:5383: ar cru libconftest.a @conftest.lst >&5
ar: conftest.o: No such file or directory
configure:5386: $? = 1
configure:5398: result: @
configure:5456: checking for strip
configure:5472: found /usr/bin/strip
configure:5483: result: strip
configure:5555: checking for ranlib
configure:5571: found /usr/bin/ranlib
configure:5582: result: ranlib
configure:5684: checking command to parse /usr/bin/nm -B output from gcc object
configure:5803: gcc -c -g -O2  conftest.c >&5
configure:5806: $? = 0
configure:5810: /usr/bin/nm -B conftest.o \| sed -n -e 's/^.*[ ]\([ABCDGIRSTW][ABCDGIRSTW]*\)[ ][ ]*\([_A-Za-z][_A-Za-z0-9]*\)$/\1 \2 \2/p' | sed '/ __gnu_lto/d' \> conftest.nm
configure:5813: $? = 0
configure:5879: gcc -o conftest -g -O2   conftest.c conftstm.o >&5
configure:5882: $? = 0
configure:5920: result: ok
configure:5957: checking for sysroot
configure:5987: result: no
configure:6064: gcc -c -g -O2  conftest.c >&5
configure:6067: $? = 0
configure:6230: checking for mt
configure:6260: result: no
configure:6280: checking if : is a manifest tool
configure:6286: : '-?'
configure:6294: result: no
configure:6926: checking how to run the C preprocessor
configure:6957: gcc -E  conftest.c
configure:6957: $? = 0
configure:6971: gcc -E  conftest.c
conftest.c:11:28: fatal error: ac_nonexistent.h: No such file or directory
compilation terminated.
configure:6971: $? = 1
configure: failed program was:
| /* confdefs.h */
| #define PACKAGE_NAME "gtkplot"
| #define PACKAGE_TARNAME "gtkplot"
| #define PACKAGE_VERSION "0.1"
| #define PACKAGE_STRING "gtkplot 0.1"
| #define PACKAGE_BUGREPORT ""
| #define PACKAGE_URL ""
| #define PACKAGE "gtkplot"
| #define VERSION "0.1"
| /* end confdefs.h.  */
| #include <ac_nonexistent.h>
configure:6996: result: gcc -E
configure:7016: gcc -E  conftest.c
configure:7016: $? = 0
configure:7030: gcc -E  conftest.c
conftest.c:11:28: fatal error: ac_nonexistent.h: No such file or directory
compilation terminated.
configure:7030: $? = 1
configure: failed program was:
| /* confdefs.h */
| #define PACKAGE_NAME "gtkplot"
| #define PACKAGE_TARNAME "gtkplot"
| #define PACKAGE_VERSION "0.1"
| #define PACKAGE_STRING "gtkplot 0.1"
| #define PACKAGE_BUGREPORT ""
| #define PACKAGE_URL ""
| #define PACKAGE "gtkplot"
| #define VERSION "0.1"
| /* end confdefs.h.  */
| #include <ac_nonexistent.h>
configure:7059: checking for ANSI C header files
configure:7079: gcc -c -g -O2  conftest.c >&5
configure:7079: $? = 0
configure:7152: gcc -o conftest -g -O2   conftest.c  >&5
configure:7152: $? = 0
configure:7152: ./conftest
configure:7152: $? = 0
configure:7163: result: yes
configure:7176: checking for sys/types.h
configure:7176: gcc -c -g -O2  conftest.c >&5
configure:7176: $? = 0
configure:7176: result: yes
configure:7176: checking for sys/stat.h
configure:7176: gcc -c -g -O2  conftest.c >&5
configure:7176: $? = 0
configure:7176: result: yes
configure:7176: checking for stdlib.h
configure:7176: gcc -c -g -O2  conftest.c >&5
configure:7176: $? = 0
configure:7176: result: yes
configure:7176: checking for string.h
configure:7176: gcc -c -g -O2  conftest.c >&5
configure:7176: $? = 0
configure:7176: result: yes
configure:7176: checking for memory.h
configure:7176: gcc -c -g -O2  conftest.c >&5
configure:7176: $? = 0
configure:7176: result: yes
configure:7176: checking for strings.h
configure:7176: gcc -c -g -O2  conftest.c >&5
configure:7176: $? = 0
configure:7176: result: yes
configure:7176: checking for inttypes.h
configure:7176: gcc -c -g -O2  conftest.c >&5
configure:7176: $? = 0
configure:7176: result: yes
configure:7176: checking for stdint.h
configure:7176: gcc -c -g -O2  conftest.c >&5
configure:7176: $? = 0
configure:7176: result: yes
configure:7176: checking for unistd.h
configure:7176: gcc -c -g -O2  conftest.c >&5
configure:7176: $? = 0
configure:7176: result: yes
configure:7190: checking for dlfcn.h
configure:7190: gcc -c -g -O2  conftest.c >&5
configure:7190: $? = 0
configure:7190: result: yes
configure:7377: checking for objdir
configure:7392: result: .libs
configure:7659: checking if gcc supports -fno-rtti -fno-exceptions
configure:7677: gcc -c -g -O2  -fno-rtti -fno-exceptions conftest.c >&5
cc1: warning: command line option '-fno-rtti' is valid for C++/ObjC++ but not for C [enabled by default]
configure:7681: $? = 0
configure:7694: result: no
configure:8004: checking for gcc option to produce PIC
configure:8011: result: -fPIC -DPIC
configure:8019: checking if gcc PIC flag -fPIC -DPIC works
configure:8037: gcc -c -g -O2  -fPIC -DPIC -DPIC conftest.c >&5
configure:8041: $? = 0
configure:8054: result: yes
configure:8083: checking if gcc static flag -static works
configure:8111: result: no
configure:8126: checking if gcc supports -c -o file.o
configure:8147: gcc -c -g -O2  -o out/conftest2.o conftest.c >&5
configure:8151: $? = 0
configure:8173: result: yes
configure:8181: checking if gcc supports -c -o file.o
configure:8228: result: yes
configure:8261: checking whether the gcc linker (/usr/bin/ld -m elf_x86_64) supports shared libraries
configure:9419: result: yes
configure:9456: checking whether -lc should be explicitly linked in
configure:9464: gcc -c -g -O2  conftest.c >&5
configure:9467: $? = 0
configure:9482: gcc -shared  -fPIC -DPIC conftest.o  -v -Wl,-soname -Wl,conftest -o conftest 2\>\&1 \| /bin/grep  -lc  \>/dev/null 2\>\&1
configure:9485: $? = 0
configure:9499: result: no
configure:9664: checking dynamic linker characteristics
configure:10178: gcc -o conftest -g -O2   -Wl,-rpath -Wl,/foo conftest.c  >&5
configure:10178: $? = 0
configure:10404: result: GNU/Linux ld.so
configure:10511: checking how to hardcode library paths into programs
configure:10536: result: immediate
configure:11076: checking whether stripping libraries is possible
configure:11081: result: yes
configure:11116: checking if libtool supports shared libraries
configure:11118: result: yes
configure:11121: checking whether to build shared libraries
configure:11142: result: yes
configure:11145: checking whether to build static libraries
configure:11149: result: yes
configure:11240: checking for pkg-config
configure:11258: found /usr/bin/pkg-config
configure:11270: result: /usr/bin/pkg-config
configure:11295: checking pkg-config is at least version 0.9.0
configure:11298: result: yes
configure:11308: checking for GTK_DOC
configure:11315: $PKG_CONFIG --exists --print-errors "gtk-doc"
configure:11318: $? = 0
configure:11331: $PKG_CONFIG --exists --print-errors "gtk-doc"
configure:11334: $? = 0
configure:11393: result: yes
configure:11400: checking for GTKPLOT
configure:11407: $PKG_CONFIG --exists --print-errors "gtk+-2.0"
configure:11410: $? = 0
configure:11423: $PKG_CONFIG --exists --print-errors "gtk+-2.0"
configure:11426: $? = 0
configure:11485: result: yes
configure:11625: creating ./config.status
configure:13861: WARNING: unrecognized options: --enable-maintainer-mode

## ---------------- ##
## Cache variables. ##
## ---------------- ##

ac_cv_build=x86_64-unknown-linux-gnu
ac_cv_c_compiler_gnu=yes
ac_cv_env_CC_set=
ac_cv_env_CC_value=
ac_cv_env_CFLAGS_set=
ac_cv_env_CFLAGS_value=
ac_cv_env_CPPFLAGS_set=
ac_cv_env_CPPFLAGS_value=
ac_cv_env_CPP_set=
ac_cv_env_CPP_value=
ac_cv_env_GTKPLOT_CFLAGS_set=
ac_cv_env_GTKPLOT_CFLAGS_value=
ac_cv_env_GTKPLOT_LIBS_set=
ac_cv_env_GTKPLOT_LIBS_value=
ac_cv_env_GTK_DOC_CFLAGS_set=
ac_cv_env_GTK_DOC_CFLAGS_value=
ac_cv_env_GTK_DOC_LIBS_set=
ac_cv_env_GTK_DOC_LIBS_value=
ac_cv_env_LDFLAGS_set=
ac_cv_env_LDFLAGS_value=
ac_cv_env_LIBS_set=
ac_cv_env_LIBS_value=
ac_cv_env_PKG_CONFIG_LIBDIR_set=
ac_cv_env_PKG_CONFIG_LIBDIR_value=
ac_cv_env_PKG_CONFIG_PATH_set=
ac_cv_env_PKG_CONFIG_PATH_value=
ac_cv_env_PKG_CONFIG_set=
ac_cv_env_PKG_CONFIG_value=
ac_cv_env_build_alias_set=
ac_cv_env_build_alias_value=
ac_cv_env_host_alias_set=
ac_cv_env_host_alias_value=
ac_cv_env_target_alias_set=
ac_cv_env_target_alias_value=
ac_cv_header_dlfcn_h=yes
ac_cv_header_inttypes_h=yes
ac_cv_header_memory_h=yes
ac_cv_header_stdc=yes
ac_cv_header_stdint_h=yes
ac_cv_header_stdlib_h=yes
ac_cv_header_string_h=yes
ac_cv_header_strings_h=yes
ac_cv_header_sys_stat_h=yes
ac_cv_header_sys_types_h=yes
ac_cv_header_unistd_h=yes
ac_cv_host=x86_64-unknown-linux-gnu
ac_cv_objext=o
ac_cv_path_EGREP='/bin/grep -E'
ac_cv_path_FGREP='/bin/grep -F'
ac_cv_path_GREP=/bin/grep
ac_cv_path_SED=/bin/sed
ac_cv_path_ac_pt_PKG_CONFIG=/usr/bin/pkg-config
ac_cv_path_install='/usr/bin/install -c'
ac_cv_path_mkdir=/bin/mkdir
ac_cv_prog_AWK=gawk
ac_cv_prog_CPP='gcc -E'
ac_cv_prog_ac_ct_AR=ar
ac_cv_prog_ac_ct_CC=gcc
ac_cv_prog_ac_ct_OBJDUMP=objdump
ac_cv_prog_ac_ct_RANLIB=ranlib
ac_cv_prog_ac_ct_STRIP=strip
ac_cv_prog_cc_c89=
ac_cv_prog_cc_g=yes
ac_cv_prog_make_make_set=yes
am_cv_CC_dependencies_compiler_type=gcc3
am_cv_make_support_nested_variables=yes
lt_cv_ar_at_file=@
lt_cv_archive_cmds_need_lc=no
lt_cv_deplibs_check_method=pass_all
lt_cv_file_magic_cmd='$MAGIC_CMD'
lt_cv_file_magic_test_file=
lt_cv_ld_reload_flag=-r
lt_cv_nm_interface='BSD nm'
lt_cv_objdir=.libs
lt_cv_path_LD=/usr/bin/ld
lt_cv_path_NM='/usr/bin/nm -B'
lt_cv_path_mainfest_tool=no
lt_cv_prog_compiler_c_o=yes
lt_cv_prog_compiler_pic='-fPIC -DPIC'
lt_cv_prog_compiler_pic_works=yes
lt_cv_prog_compiler_rtti_exceptions=no
lt_cv_prog_compiler_static_works=no
lt_cv_prog_gnu_ld=yes
lt_cv_sharedlib_from_linklib_cmd='printf %s\n'
lt_cv_shlibpath_overrides_runpath=no
lt_cv_sys_global_symbol_pipe='sed -n -e '\''s/^.*[	 ]\([ABCDGIRSTW][ABCDGIRSTW]*\)[	 ][	 ]*\([_A-Za-z][_A-Za-z0-9]*\)$/\1 \2 \2/p'\'' | sed '\''/ __gnu_lto/d'\'''
lt_cv_sys_global_symbol_to_c_name_address='sed -n -e '\''s/^: \([^ ]*\)[ ]*$/  {\"\1\", (void *) 0},/p'\'' -e '\''s/^[ABCDGIRSTW]* \([^ ]*\) \([^ ]*\)$/  {"\2", (void *) \&\2},/p'\'''
lt_cv_sys_global_symbol_to_c_name_address_lib_prefix='sed -n -e '\''s/^: \([^ ]*\)[ ]*$/  {\"\1\", (void *) 0},/p'\'' -e '\''s/^[ABCDGIRSTW]* \([^ ]*\) \(lib[^ ]*\)$/  {"\2", (void *) \&\2},/p'\'' -e '\''s/^[ABCDGIRSTW]* \([^ ]*\) \([^ ]*\)$/  {"lib\2", (void *) \&\2},/p'\'''
lt_cv_sys_global_symbol_to_cdecl='sed -n -e '\''s/^T .* \(.*\)$/extern int \1();/p'\'' -e '\''s/^[ABCDGIRSTW]* .* \(.*\)$/extern char \1;/p'\'''
lt_cv_sys_max_cmd_len=1572864
lt_cv_to_host_file_cmd=func_convert_file_noop
lt_cv_to_tool_file_cmd=func_convert_file_noop
pkg_cv_GTKPLOT_CFLAGS='-pthread -I/usr/include/gtk-2.0 -I/usr/lib64/gtk-2.0/include -I/usr/include/atk-1.0 -I/usr/include/cairo -I/usr/include/gdk-pixbuf-2.0 -I/usr/include/pango-1.0 -I/usr/include/glib-2.0 -I/usr/lib64/glib-2.0/include -I/usr/include/pixman-1 -I/usr/include/freetype2 -I/usr/include/libpng12  '
pkg_cv_GTKPLOT_LIBS='-pthread -lgtk-x11-2.0 -lgdk-x11-2.0 -latk-1.0 -lgio-2.0 -lpangoft2-1.0 -lpangocairo-1.0 -lgdk_pixbuf-2.0 -lcairo -lpango-1.0 -lfreetype -lfontconfig -lgobject-2.0 -lgmodule-2.0 -lgthread-2.0 -lrt -lglib-2.0  '
pkg_cv_GTK_DOC_CFLAGS=' '
pkg_cv_GTK_DOC_LIBS=' '

## ----------------- ##
## Output variables. ##
## ----------------- ##

ACLOCAL='${SHELL} /home/badman/Programowanie/gtkplot/missing --run aclocal-1.11'
AMDEPBACKSLASH='\'
AMDEP_FALSE='#'
AMDEP_TRUE=''
AMTAR='$${TAR-tar}'
AM_BACKSLASH='\'
AM_DEFAULT_V='$(AM_DEFAULT_VERBOSITY)'
AM_DEFAULT_VERBOSITY='0'
AM_V='$(V)'
AR='ar'
AUTOCONF='${SHELL} /home/badman/Programowanie/gtkplot/missing --run autoconf'
AUTOHEADER='${SHELL} /home/badman/Programowanie/gtkplot/missing --run autoheader'
AUTOMAKE='${SHELL} /home/badman/Programowanie/gtkplot/missing --run automake-1.11'
AWK='gawk'
CC='gcc'
CCDEPMODE='depmode=gcc3'
CFLAGS='-g -O2'
CPP='gcc -E'
CPPFLAGS=''
CYGPATH_W='echo'
DEFS='-DHAVE_CONFIG_H'
DEPDIR='.deps'
DLLTOOL='false'
DSYMUTIL=''
DUMPBIN=''
ECHO_C=''
ECHO_N='-n'
ECHO_T=''
EGREP='/bin/grep -E'
EXEEXT=''
FGREP='/bin/grep -F'
GREP='/bin/grep'
GTKPLOT_CFLAGS='-pthread -I/usr/include/gtk-2.0 -I/usr/lib64/gtk-2.0/include -I/usr/include/atk-1.0 -I/usr/include/cairo -I/usr/include/gdk-pixbuf-2.0 -I/usr/include/pango-1.0 -I/usr/include/glib-2.0 -I/usr/lib64/glib-2.0/include -I/usr/include/pixman-1 -I/usr/include/freetype2 -I/usr/include/libpng12  '
GTKPLOT_LIBS='-pthread -lgtk-x11-2.0 -lgdk-x11-2.0 -latk-1.0 -lgio-2.0 -lpangoft2-1.0 -lpangocairo-1.0 -lgdk_pixbuf-2.0 -lcairo -lpango-1.0 -lfreetype -lfontconfig -lgobject-2.0 -lgmodule-2.0 -lgthread-2.0 -lrt -lglib-2.0  '
GTK_DOC_CFLAGS=' '
GTK_DOC_LIBS=' '
INSTALL_DATA='${INSTALL} -m 644'
INSTALL_PROGRAM='${INSTALL}'
INSTALL_SCRIPT='${INSTALL}'
INSTALL_STRIP_PROGRAM='$(install_sh) -c -s'
LD='/usr/bin/ld -m elf_x86_64'
LDFLAGS=''
LIBOBJS=''
LIBS=''
LIBTOOL='$(SHELL) $(top_builddir)/libtool'
LIPO=''
LN_S='ln -s'
LTLIBOBJS=''
MAKEINFO='${SHELL} /home/badman/Programowanie/gtkplot/missing --run makeinfo'
MANIFEST_TOOL=':'
MKDIR_P='/bin/mkdir -p'
NM='/usr/bin/nm -B'
NMEDIT=''
OBJDUMP='objdump'
OBJEXT='o'
OTOOL64=''
OTOOL=''
PACKAGE='gtkplot'
PACKAGE_BUGREPORT=''
PACKAGE_NAME='gtkplot'
PACKAGE_STRING='gtkplot 0.1'
PACKAGE_TARNAME='gtkplot'
PACKAGE_URL=''
PACKAGE_VERSION='0.1'
PATH_SEPARATOR=':'
PKG_CONFIG='/usr/bin/pkg-config'
PKG_CONFIG_LIBDIR=''
PKG_CONFIG_PATH=''
RANLIB='ranlib'
SED='/bin/sed'
SET_MAKE=''
SHELL='/bin/sh'
STRIP='strip'
VERSION='0.1'
ac_ct_AR='ar'
ac_ct_CC='gcc'
ac_ct_DUMPBIN=''
am__EXEEXT_FALSE=''
am__EXEEXT_TRUE='#'
am__fastdepCC_FALSE='#'
am__fastdepCC_TRUE=''
am__include='include'
am__isrc=''
am__leading_dot='.'
am__nodep='_no'
am__quote=''
am__tar='$${TAR-tar} chof - "$$tardir"'
am__untar='$${TAR-tar} xf -'
bindir='${exec_prefix}/bin'
build='x86_64-unknown-linux-gnu'
build_alias=''
build_cpu='x86_64'
build_os='linux-gnu'
build_vendor='unknown'
datadir='${datarootdir}'
datarootdir='${prefix}/share'
docdir='${datarootdir}/doc/${PACKAGE_TARNAME}'
dvidir='${docdir}'
exec_prefix='${prefix}'
host='x86_64-unknown-linux-gnu'
host_alias=''
host_cpu='x86_64'
host_os='linux-gnu'
host_vendor='unknown'
htmldir='${docdir}'
includedir='${prefix}/include'
infodir='${datarootdir}/info'
install_sh='${SHELL} /home/badman/Programowanie/gtkplot/install-sh'
libdir='${exec_prefix}/lib'
libexecdir='${exec_prefix}/libexec'
localedir='${datarootdir}/locale'
localstatedir='${prefix}/var'
mandir='${datarootdir}/man'
mkdir_p='/bin/mkdir -p'
oldincludedir='/usr/include'
pdfdir='${docdir}'
prefix='/usr/local'
program_transform_name='s,x,x,'
psdir='${docdir}'
sbindir='${exec_prefix}/sbin'
sharedstatedir='${prefix}/com'
sysconfdir='${prefix}/etc'
target_alias=''

## ----------- ##
## confdefs.h. ##
## ----------- ##

/* confdefs.h */
#define PACKAGE_NAME "gtkplot"
#define PACKAGE_TARNAME "gtkplot"
#define PACKAGE_VERSION "0.1"
#define PACKAGE_STRING "gtkplot 0.1"
#define PACKAGE_BUGREPORT ""
#define PACKAGE_URL ""
#define PACKAGE "gtkplot"
#define VERSION "0.1"
#define STDC_HEADERS 1
#define HAVE_SYS_TYPES_H 1
#define HAVE_SYS_STAT_H 1
#define HAVE_STDLIB_H 1
#define HAVE_STRING_H 1
#define HAVE_MEMORY_H 1
#define HAVE_STRINGS_H 1
#define HAVE_INTTYPES_H 1
#define HAVE_STDINT_H 1
#define HAVE_UNISTD_H 1
#define HAVE_DLFCN_H 1
#define LT_OBJDIR ".libs/"

configure: exit 0

## ---------------------- ##
## Running config.status. ##
## ---------------------- ##

This file was extended by gtkplot config.status 0.1, which was
generated by GNU Autoconf 2.68.  Invocation command line was

  CONFIG_FILES    = 
  CONFIG_HEADERS  = 
  CONFIG_LINKS    = 
  CONFIG_COMMANDS = 
  $ ./config.status 

on localhost.localdomain

config.status:1102: creating Makefile
config.status:1102: creating src/Makefile
config.status:1102: creating config.h
config.status:1283: config.h is unchanged
config.status:1331: executing depfiles commands
config.status:1331: executing libtool commands

## ---------------------- ##
## Running config.status. ##
## ---------------------- ##

This file was extended by gtkplot config.status 0.1, which was
generated by GNU Autoconf 2.68.  Invocation command line was

  CONFIG_FILES    = 
  CONFIG_HEADERS  = 
  CONFIG_LINKS    = 
  CONFIG_COMMANDS = 
  $ ./config.status config.h

on localhost.localdomain

config.status:1102: creating config.h
config.status:1283: config.h is unchanged
